[2023-04-07 04:50:00] local.INFO: $data from oauth_token_url: {"access_token":"61b82e6bbfcf8d205e35d6c7c29ee5a30f53db0c","expires_in":1800,"token_type":"Bearer","scope":"userinfo","refresh_token":"feefa090a4e4e19c785a8374665559e5a32c807f"}  
[2023-04-07 04:50:00] local.INFO: $userinfo: {"username":"6110110391","first_name":"WORRAMAIT","last_name":"KOSITPAIBOON","staff_id":"6110110391","email":"mingmaomak@gmail.com","campus_id":"01","fac_id":"06","dept_id":"034","pos_id":"06"}  
[2023-04-07 10:11:22] local.INFO: $data from oauth_token_url: {"access_token":"70ade05523906ae40090892f036aa4dac92e7bd5","expires_in":1800,"token_type":"Bearer","scope":"userinfo","refresh_token":"09c038542491c21cc6f82aa230252f23c5f82dbd"}  
[2023-04-07 10:11:23] local.INFO: $userinfo: {"username":"6110110391","first_name":"WORRAMAIT","last_name":"KOSITPAIBOON","staff_id":"6110110391","email":"mingmaomak@gmail.com","campus_id":"01","fac_id":"06","dept_id":"034","pos_id":"06"}  
[2023-04-08 04:14:56] local.INFO: $data from oauth_token_url: {"access_token":"7d5b4f20a4a8b610e7969310e0d23144f5d48e1b","expires_in":1800,"token_type":"Bearer","scope":"userinfo","refresh_token":"b200bf4f9920d3dd965d3a0076c5785c38beda56"}  
[2023-04-08 04:14:56] local.INFO: $userinfo: {"username":"6110110391","first_name":"WORRAMAIT","last_name":"KOSITPAIBOON","staff_id":"6110110391","email":"mingmaomak@gmail.com","campus_id":"01","fac_id":"06","dept_id":"034","pos_id":"06"}  
[2023-04-08 04:15:12] local.INFO: $data from oauth_token_url: {"access_token":"6455c9b3c52c4f687b037ee33ea420679f85a9e4","expires_in":1800,"token_type":"Bearer","scope":"userinfo","refresh_token":"b3458e3adb79cb38f7e6ea8ab2c016368dc8767b"}  
[2023-04-08 04:15:12] local.INFO: $userinfo: {"username":"6110110391","first_name":"WORRAMAIT","last_name":"KOSITPAIBOON","staff_id":"6110110391","email":"mingmaomak@gmail.com","campus_id":"01","fac_id":"06","dept_id":"034","pos_id":"06"}  
[2023-04-08 08:09:33] local.INFO: $data from oauth_token_url: {"access_token":"f3f609a26045c884c4fcdecdc99f0902b9d1a09f","expires_in":1800,"token_type":"Bearer","scope":"userinfo","refresh_token":"12cf005161b48606866372e63abcbd3e90821ace"}  
[2023-04-08 08:09:33] local.INFO: $userinfo: {"username":"6110110391","first_name":"WORRAMAIT","last_name":"KOSITPAIBOON","staff_id":"6110110391","email":"mingmaomak@gmail.com","campus_id":"01","fac_id":"06","dept_id":"034","pos_id":"06"}  
[2023-04-09 03:43:26] local.INFO: $data from oauth_token_url: {"error":"invalid_grant","error_description":"Authorization code doesn't exist or is invalid for the client"}  
[2023-04-09 04:44:31] local.INFO: $data from oauth_token_url: {"access_token":"b18a0b22351696e76f38f5829750168571686a20","expires_in":1800,"token_type":"Bearer","scope":"userinfo","refresh_token":"e9b2adf111c58f3a98263cc3292885fc1ff89e91"}  
[2023-04-09 04:44:31] local.INFO: $userinfo: {"username":"6110110391","first_name":"WORRAMAIT","last_name":"KOSITPAIBOON","staff_id":"6110110391","email":"mingmaomak@gmail.com","campus_id":"01","fac_id":"06","dept_id":"034","pos_id":"06"}  
[2023-04-10 04:32:49] local.INFO: $data from oauth_token_url: {"access_token":"20bc0ee1d24d8d3b2197a5541962984204fab119","expires_in":1800,"token_type":"Bearer","scope":"userinfo","refresh_token":"315253c66be9fdd57951e7af624feb63e883d5c5"}  
[2023-04-10 04:32:49] local.INFO: $userinfo: {"username":"6110110391","first_name":"WORRAMAIT","last_name":"KOSITPAIBOON","staff_id":"6110110391","email":"mingmaomak@gmail.com","campus_id":"01","fac_id":"06","dept_id":"034","pos_id":"06"}  
[2023-04-10 04:38:32] local.INFO: $data from oauth_token_url: {"access_token":"1224840e992ca4eb9c8e7e842151b7a0be9dd84e","expires_in":1800,"token_type":"Bearer","scope":"userinfo","refresh_token":"0d049e2e8d7a9bfc8c6c0316f6a6aa696b5e15ca"}  
[2023-04-10 04:38:32] local.INFO: $userinfo: {"username":"6110110391","first_name":"WORRAMAIT","last_name":"KOSITPAIBOON","staff_id":"6110110391","email":"mingmaomak@gmail.com","campus_id":"01","fac_id":"06","dept_id":"034","pos_id":"06"}  
[2023-04-10 04:48:21] local.INFO: $data from oauth_token_url: {"access_token":"39611fe604e63a8f1983e9cc7e8e3618cdd3e406","expires_in":1800,"token_type":"Bearer","scope":"userinfo","refresh_token":"2463859ae59e68ad64532dc2be28a93504e31864"}  
[2023-04-10 04:48:22] local.INFO: $userinfo: {"username":"6110110391","first_name":"WORRAMAIT","last_name":"KOSITPAIBOON","staff_id":"6110110391","email":"mingmaomak@gmail.com","campus_id":"01","fac_id":"06","dept_id":"034","pos_id":"06"}  
[2023-04-11 04:41:37] local.INFO: $data from oauth_token_url: {"access_token":"06f7c1e068767529ceb00db13c671f19b8bdc411","expires_in":1800,"token_type":"Bearer","scope":"userinfo","refresh_token":"8d8c4bdeed87922d96d083cc2f032667d2e9e064"}  
[2023-04-11 04:41:37] local.INFO: $userinfo: {"username":"6110110391","first_name":"WORRAMAIT","last_name":"KOSITPAIBOON","staff_id":"6110110391","email":"mingmaomak@gmail.com","campus_id":"01","fac_id":"06","dept_id":"034","pos_id":"06"}  
[2023-04-11 04:44:38] local.INFO: $data from oauth_token_url: {"access_token":"54cb9d72d92ff27ba5eb3040f2947a72b82790e0","expires_in":1800,"token_type":"Bearer","scope":"userinfo","refresh_token":"64efa98631a0a5322ba46985b9c138e4d1bcc854"}  
[2023-04-11 04:44:38] local.INFO: $userinfo: {"username":"6110110391","first_name":"WORRAMAIT","last_name":"KOSITPAIBOON","staff_id":"6110110391","email":"mingmaomak@gmail.com","campus_id":"01","fac_id":"06","dept_id":"034","pos_id":"06"}  
[2023-04-11 04:49:02] local.INFO: $data from oauth_token_url: {"access_token":"461f15d65712bb9cc5ed2110627c5bd046eec717","expires_in":1800,"token_type":"Bearer","scope":"userinfo","refresh_token":"18ff5883a99c2836fb177993a69428b689583d4d"}  
[2023-04-11 04:49:02] local.INFO: $userinfo: {"username":"6110110391","first_name":"WORRAMAIT","last_name":"KOSITPAIBOON","staff_id":"6110110391","email":"mingmaomak@gmail.com","campus_id":"01","fac_id":"06","dept_id":"034","pos_id":"06"}  
[2023-04-11 04:52:28] local.INFO: $data from oauth_token_url: {"access_token":"beff4dc13a6d179582682897dc25661b66cb6142","expires_in":1800,"token_type":"Bearer","scope":"userinfo","refresh_token":"7ea2dd3c0eea2568a7faaa550de5d0140506bf9e"}  
[2023-04-11 04:52:28] local.INFO: $userinfo: {"username":"6110110391","first_name":"WORRAMAIT","last_name":"KOSITPAIBOON","staff_id":"6110110391","email":"mingmaomak@gmail.com","campus_id":"01","fac_id":"06","dept_id":"034","pos_id":"06"}  
[2023-04-13 03:00:23] local.INFO: $data from oauth_token_url: {"access_token":"4fc030db57706ef8f58c67ca305d2d940af6c3d2","expires_in":1800,"token_type":"Bearer","scope":"userinfo","refresh_token":"92134913b068b01bc0f0c53702ea62723275c55f"}  
[2023-04-13 03:00:23] local.INFO: $userinfo: {"username":"6110110391","first_name":"WORRAMAIT","last_name":"KOSITPAIBOON","staff_id":"6110110391","email":"mingmaomak@gmail.com","campus_id":"01","fac_id":"06","dept_id":"034","pos_id":"06"}  
[2023-04-13 03:03:28] local.INFO: $data from oauth_token_url: {"error":"invalid_grant","error_description":"Authorization code doesn't exist or is invalid for the client"}  
[2023-04-13 03:04:00] local.INFO: $data from oauth_token_url: {"access_token":"5e8771a16ec1d367528a57fa8b77c4737a3e932b","expires_in":1800,"token_type":"Bearer","scope":"userinfo","refresh_token":"3f15587548677b045390d146303b176b609121a9"}  
[2023-04-13 03:04:00] local.INFO: $userinfo: {"username":"6110110391","first_name":"WORRAMAIT","last_name":"KOSITPAIBOON","staff_id":"6110110391","email":"mingmaomak@gmail.com","campus_id":"01","fac_id":"06","dept_id":"034","pos_id":"06"}  
[2023-04-13 03:12:19] local.INFO: $data from oauth_token_url: {"access_token":"a4876cefe221cdafba3de1f1262f7eab35ea27e8","expires_in":1800,"token_type":"Bearer","scope":"userinfo","refresh_token":"3e33c5ee99b99e2ad4e5387d53d3b3d2be39c927"}  
[2023-04-13 03:12:19] local.INFO: $userinfo: {"username":"6110110391","first_name":"WORRAMAIT","last_name":"KOSITPAIBOON","staff_id":"6110110391","email":"mingmaomak@gmail.com","campus_id":"01","fac_id":"06","dept_id":"034","pos_id":"06"}  
[2023-04-13 08:09:48] local.INFO: $data from oauth_token_url: {"access_token":"9cecac5d50296d2cea0b9cbc5481289c7ba329a3","expires_in":1800,"token_type":"Bearer","scope":"userinfo","refresh_token":"718604c413c65f64eb1d924b41248430e9929c0c"}  
[2023-04-13 08:09:48] local.INFO: $userinfo: {"username":"6110110391","first_name":"WORRAMAIT","last_name":"KOSITPAIBOON","staff_id":"6110110391","email":"mingmaomak@gmail.com","campus_id":"01","fac_id":"06","dept_id":"034","pos_id":"06"}  
[2023-04-13 08:10:26] local.INFO: $data from oauth_token_url: {"access_token":"1cc71d2a6cc34ebae9f808133eb2d0de28fa4744","expires_in":1800,"token_type":"Bearer","scope":"userinfo","refresh_token":"53ddb0a2385aabef41829779298b1ba3116d9f43"}  
[2023-04-13 08:10:26] local.INFO: $userinfo: {"username":"6110110391","first_name":"WORRAMAIT","last_name":"KOSITPAIBOON","staff_id":"6110110391","email":"mingmaomak@gmail.com","campus_id":"01","fac_id":"06","dept_id":"034","pos_id":"06"}  
[2023-04-13 08:11:15] local.INFO: $data from oauth_token_url: {"access_token":"104ebdc4cf8b54534117d6e9ce46e3ed777c3b14","expires_in":1800,"token_type":"Bearer","scope":"userinfo","refresh_token":"85f8305446e368c2a2172bf1a14e0cff8c4f8c75"}  
[2023-04-13 08:11:15] local.INFO: $userinfo: {"username":"6110110391","first_name":"WORRAMAIT","last_name":"KOSITPAIBOON","staff_id":"6110110391","email":"mingmaomak@gmail.com","campus_id":"01","fac_id":"06","dept_id":"034","pos_id":"06"}  
[2023-04-13 08:12:03] local.INFO: $data from oauth_token_url: {"access_token":"7771ecac95e90527f1a4b55b8ebe2e9a92a3c5bc","expires_in":1800,"token_type":"Bearer","scope":"userinfo","refresh_token":"1557c8aa1cbbdb228e3c7a8c556cc7b8751d982a"}  
[2023-04-13 08:12:03] local.INFO: $userinfo: {"username":"6110110391","first_name":"WORRAMAIT","last_name":"KOSITPAIBOON","staff_id":"6110110391","email":"mingmaomak@gmail.com","campus_id":"01","fac_id":"06","dept_id":"034","pos_id":"06"}  
[2023-04-13 08:39:29] local.INFO: $data from oauth_token_url: {"access_token":"99dc3950ef5218c94bd19c67a10de20bbe3da17e","expires_in":1800,"token_type":"Bearer","scope":"userinfo","refresh_token":"6d6b21a0d289571de82a44bbd91a37058f529287"}  
[2023-04-13 08:39:29] local.INFO: $userinfo: {"username":"6110110391","first_name":"WORRAMAIT","last_name":"KOSITPAIBOON","staff_id":"6110110391","email":"mingmaomak@gmail.com","campus_id":"01","fac_id":"06","dept_id":"034","pos_id":"06"}  
[2023-04-13 08:46:06] local.INFO: $data from oauth_token_url: {"access_token":"b45a53549b7a4ff85cf1863e50743a7d051cfdbd","expires_in":1800,"token_type":"Bearer","scope":"userinfo","refresh_token":"39a25e93d89408861a9a95cb6c77758668995870"}  
[2023-04-13 08:46:06] local.INFO: $userinfo: {"username":"6110110391","first_name":"WORRAMAIT","last_name":"KOSITPAIBOON","staff_id":"6110110391","email":"mingmaomak@gmail.com","campus_id":"01","fac_id":"06","dept_id":"034","pos_id":"06"}  
[2023-04-13 08:47:24] local.INFO: $data from oauth_token_url: {"access_token":"33fe2f1a6ac154d2996cf39768bcd7764e31e4e0","expires_in":1800,"token_type":"Bearer","scope":"userinfo","refresh_token":"8473c097309d66dc5c39bf2a3899c0295d212625"}  
[2023-04-13 08:47:24] local.INFO: $userinfo: {"username":"6110110391","first_name":"WORRAMAIT","last_name":"KOSITPAIBOON","staff_id":"6110110391","email":"mingmaomak@gmail.com","campus_id":"01","fac_id":"06","dept_id":"034","pos_id":"06"}  
[2023-04-13 08:51:58] local.INFO: $data from oauth_token_url: {"access_token":"c7549518a71612e96d7972a44fe69d465f4ef195","expires_in":1800,"token_type":"Bearer","scope":"userinfo","refresh_token":"0f83e2baf444762a5659b33817c7fb03fa1a6e78"}  
[2023-04-13 08:51:58] local.INFO: $userinfo: {"username":"6110110391","first_name":"WORRAMAIT","last_name":"KOSITPAIBOON","staff_id":"6110110391","email":"mingmaomak@gmail.com","campus_id":"01","fac_id":"06","dept_id":"034","pos_id":"06"}  
[2023-04-14 18:57:32] local.INFO: $data from oauth_token_url: {"access_token":"bb0f61597c11ae33b855a2dc5d211916db1d3c8b","expires_in":1800,"token_type":"Bearer","scope":"userinfo","refresh_token":"347e1bfb695d4b4475988d275825f3fe75721bdb"}  
[2023-04-14 18:57:32] local.INFO: $userinfo: {"username":"6110110391","first_name":"WORRAMAIT","last_name":"KOSITPAIBOON","staff_id":"6110110391","email":"mingmaomak@gmail.com","campus_id":"01","fac_id":"06","dept_id":"034","pos_id":"06"}  
[2023-04-14 18:57:41] local.INFO: $data from oauth_token_url: {"access_token":"0f3a7449f4b72fd3f43c3774ae4ca456ab0803eb","expires_in":1800,"token_type":"Bearer","scope":"userinfo","refresh_token":"1c938eec515e821d26a55fa3895fcddc29e7c671"}  
[2023-04-14 18:57:41] local.INFO: $userinfo: {"username":"6110110391","first_name":"WORRAMAIT","last_name":"KOSITPAIBOON","staff_id":"6110110391","email":"mingmaomak@gmail.com","campus_id":"01","fac_id":"06","dept_id":"034","pos_id":"06"}  
[2023-04-14 21:40:50] local.INFO: $data from oauth_token_url: {"access_token":"348369eadf219c1a8f38105f4d78c8839696d723","expires_in":1800,"token_type":"Bearer","scope":"userinfo","refresh_token":"cd6cda8a7ef058c4cd370c81bc2860f0fbebe261"}  
[2023-04-14 21:40:50] local.INFO: $userinfo: {"username":"6110110391","first_name":"WORRAMAIT","last_name":"KOSITPAIBOON","staff_id":"6110110391","email":"mingmaomak@gmail.com","campus_id":"01","fac_id":"06","dept_id":"034","pos_id":"06"}  
[2023-04-17 04:59:02] local.INFO: $data from oauth_token_url: {"access_token":"d37c778613453486550515c8f560a132e5952d2e","expires_in":1800,"token_type":"Bearer","scope":"userinfo","refresh_token":"9815314c211ec7ff5ddc56df3dfe6bc0e072da3c"}  
[2023-04-17 04:59:02] local.INFO: $userinfo: {"username":"6110110391","first_name":"WORRAMAIT","last_name":"KOSITPAIBOON","staff_id":"6110110391","email":"mingmaomak@gmail.com","campus_id":"01","fac_id":"06","dept_id":"034","pos_id":"06"}  
[2023-04-17 05:21:36] local.INFO: $data from oauth_token_url: {"error":"invalid_grant","error_description":"Authorization code doesn't exist or is invalid for the client"}  
[2023-04-19 19:57:21] local.INFO: $data from oauth_token_url: {"access_token":"c845fb4c4eb6ad5c84541f95202809bf559f253f","expires_in":1800,"token_type":"Bearer","scope":"userinfo","refresh_token":"2107d60d55b8d45d80b485f389d0b8944d04ba90"}  
[2023-04-19 19:57:21] local.INFO: $data from oauth_token_url: {"access_token":"c845fb4c4eb6ad5c84541f95202809bf559f253f","expires_in":1800,"token_type":"Bearer","scope":"userinfo","refresh_token":"2107d60d55b8d45d80b485f389d0b8944d04ba90"}  
[2023-04-19 19:57:21] local.INFO: $userinfo: {"username":"6110110391","first_name":"WORRAMAIT","last_name":"KOSITPAIBOON","staff_id":"6110110391","email":"mingmaomak@gmail.com","campus_id":"01","fac_id":"06","dept_id":"034","pos_id":"06"}  
[2023-04-20 03:38:49] local.INFO: $data from oauth_token_url: {"access_token":"8a86a6c9d83d7e7d22566a97bb0f98617cb3f215","expires_in":1800,"token_type":"Bearer","scope":"userinfo","refresh_token":"96863cec47062279e0c31eb03da8c2bab2bfeb81"}  
[2023-04-20 03:38:49] local.INFO: $data from oauth_token_url: {"access_token":"8a86a6c9d83d7e7d22566a97bb0f98617cb3f215","expires_in":1800,"token_type":"Bearer","scope":"userinfo","refresh_token":"96863cec47062279e0c31eb03da8c2bab2bfeb81"}  
[2023-04-20 03:38:49] local.INFO: $userinfo: {"username":"6110110391","first_name":"WORRAMAIT","last_name":"KOSITPAIBOON","staff_id":"6110110391","email":"mingmaomak@gmail.com","campus_id":"01","fac_id":"06","dept_id":"034","pos_id":"06"}  
[2023-04-20 14:27:50] local.INFO: $code: 51ac4e1471dc28968421aa8535b0021d0b0e6b6b  
[2023-04-20 14:27:51] local.INFO: $data from oauth_token_url: {"error":"invalid_grant","error_description":"Authorization code doesn't exist or is invalid for the client"}  
[2023-04-21 05:46:53] local.INFO: $code: cc84b71edfd53fd166ea36435e04e5af353a5344  
[2023-04-21 05:46:54] local.INFO: $data from oauth_token_url: {"access_token":"1afc4219ea97c17da1eea0bccecf40c1a6c2dd56","expires_in":1800,"token_type":"Bearer","scope":"userinfo","refresh_token":"1194aa5ce5c35defdd0f4cc6ea6a4497352479dc"}  
[2023-04-21 05:46:54] local.INFO: $data from oauth_token_url: {"access_token":"1afc4219ea97c17da1eea0bccecf40c1a6c2dd56","expires_in":1800,"token_type":"Bearer","scope":"userinfo","refresh_token":"1194aa5ce5c35defdd0f4cc6ea6a4497352479dc"}  
[2023-04-21 05:46:54] local.INFO: $userinfo: {"username":"6110110391","first_name":"WORRAMAIT","last_name":"KOSITPAIBOON","staff_id":"6110110391","email":"mingmaomak@gmail.com","campus_id":"01","fac_id":"06","dept_id":"034","pos_id":"06"}  
[2023-04-25 04:31:02] local.INFO: $code: 34e933911193b1fab7fd0be090615210bb68eb20  
[2023-04-25 04:31:03] local.INFO: $data from oauth_token_url: {"access_token":"25350513891e0f10cf7e4bbf7ca68396fe9e8826","expires_in":1800,"token_type":"Bearer","scope":"userinfo","refresh_token":"aee169591f5f4dafc120f5dc0468c6189feeb5ff"}  
[2023-04-25 04:31:03] local.INFO: $data from oauth_token_url: {"access_token":"25350513891e0f10cf7e4bbf7ca68396fe9e8826","expires_in":1800,"token_type":"Bearer","scope":"userinfo","refresh_token":"aee169591f5f4dafc120f5dc0468c6189feeb5ff"}  
[2023-04-25 04:31:03] local.INFO: $userinfo: {"username":"6110110391","first_name":"WORRAMAIT","last_name":"KOSITPAIBOON","staff_id":"6110110391","email":"mingmaomak@gmail.com","campus_id":"01","fac_id":"06","dept_id":"034","pos_id":"06"}  
[2023-04-25 04:32:05] local.INFO: $code: ed1ce3d602f8c3c22867001313030c173ac15e58  
[2023-04-25 04:32:06] local.INFO: $data from oauth_token_url: {"access_token":"c1171ab3e6f9b7ceb371afbbe97f6e7b057b180d","expires_in":1800,"token_type":"Bearer","scope":"userinfo","refresh_token":"826920bd3ed5c125b1f4151ab6a51f6f9a5b2948"}  
[2023-04-25 04:32:06] local.INFO: $data from oauth_token_url: {"access_token":"c1171ab3e6f9b7ceb371afbbe97f6e7b057b180d","expires_in":1800,"token_type":"Bearer","scope":"userinfo","refresh_token":"826920bd3ed5c125b1f4151ab6a51f6f9a5b2948"}  
[2023-04-25 04:32:06] local.INFO: $userinfo: {"username":"6110110391","first_name":"WORRAMAIT","last_name":"KOSITPAIBOON","staff_id":"6110110391","email":"mingmaomak@gmail.com","campus_id":"01","fac_id":"06","dept_id":"034","pos_id":"06"}  
[2023-04-25 04:33:14] local.INFO: $code: 2fa0a4311cf7420399a31cce1811b645e45d1a6c  
[2023-04-25 04:33:14] local.INFO: $data from oauth_token_url: {"access_token":"00dc66b22e35f741a6ef2c0faf538683f2aa0523","expires_in":1800,"token_type":"Bearer","scope":"userinfo","refresh_token":"160ea27efc16490adf889627413dc128ca8bcee4"}  
[2023-04-25 04:33:14] local.INFO: $data from oauth_token_url: {"access_token":"00dc66b22e35f741a6ef2c0faf538683f2aa0523","expires_in":1800,"token_type":"Bearer","scope":"userinfo","refresh_token":"160ea27efc16490adf889627413dc128ca8bcee4"}  
[2023-04-25 04:33:14] local.INFO: $userinfo: {"username":"6110110391","first_name":"WORRAMAIT","last_name":"KOSITPAIBOON","staff_id":"6110110391","email":"mingmaomak@gmail.com","campus_id":"01","fac_id":"06","dept_id":"034","pos_id":"06"}  
[2023-04-25 05:40:12] local.INFO: $userinfo: {"access_token":"b77e039c6bfbc39c6cc0d7cf4d58cef85c080237","expires_in":1800,"token_type":"Bearer","scope":"userinfo","refresh_token":"96160b5aede746150b0a8254237ef5b99f359c1a","username":"6110110391","first_name":"WORRAMAIT","last_name":"KOSITPAIBOON","staff_id":"6110110391","email":"mingmaomak@gmail.com","campus_id":"01","fac_id":"06","dept_id":"034","pos_id":"06"}  
[2023-04-25 05:54:55] local.INFO: $userinfo: {"username":"6110110391","first_name":"WORRAMAIT","last_name":"KOSITPAIBOON","staff_id":"6110110391","email":"mingmaomak@gmail.com","campus_id":"01","fac_id":"06","dept_id":"034","pos_id":"06","access_token":"6711c1d05e3170a8b04ddac91fbff8d489c5737f","expires_in":1800,"token_type":"Bearer","scope":"userinfo","refresh_token":"52ea1256987e58645293447453cad26e7e417b31"}  
[2023-04-25 05:55:52] local.INFO: $userinfo: {"username":"6110110391","first_name":"WORRAMAIT","last_name":"KOSITPAIBOON","staff_id":"6110110391","email":"mingmaomak@gmail.com","campus_id":"01","fac_id":"06","dept_id":"034","pos_id":"06","access_token":"bea50eeed65868ac57c0df84733c55dd680d532d","expires_in":1800,"token_type":"Bearer","scope":"userinfo","refresh_token":"61dd4ab4e011089a164213d5059a2f73e24b3d86"}  
[2023-04-25 05:56:29] local.INFO: $userinfo: {"username":"6110110391","first_name":"WORRAMAIT","last_name":"KOSITPAIBOON","staff_id":"6110110391","email":"mingmaomak@gmail.com","campus_id":"01","fac_id":"06","dept_id":"034","pos_id":"06","access_token":"f6cb0a0fcbe335ca7a5bb2cc709b60b23952088b","expires_in":1800,"token_type":"Bearer","scope":"userinfo","refresh_token":"9f1b94d44c0c8509ad2122e68d1d0dfc7f1db081"}  
[2023-04-25 06:03:09] local.INFO: $userinfo: {"username":"6110110391","first_name":"WORRAMAIT","last_name":"KOSITPAIBOON","staff_id":"6110110391","email":"mingmaomak@gmail.com","campus_id":"01","fac_id":"06","dept_id":"034","pos_id":"06","access_token":"8758a10e398f3f18acb83bfc5ff9cd1fda9c8664","expires_in":1800,"token_type":"Bearer","scope":"userinfo","refresh_token":"6bb039029f00b7ef37611b50d79504bc907af290"}  
[2023-04-25 06:06:14] local.INFO: $userinfo: {"username":"6110110391","first_name":"WORRAMAIT","last_name":"KOSITPAIBOON","staff_id":"6110110391","email":"mingmaomak@gmail.com","campus_id":"01","fac_id":"06","dept_id":"034","pos_id":"06","access_token":"d2996433514cfdada83e65c65d9c20ac70955e7a","expires_in":1800,"token_type":"Bearer","scope":"userinfo","refresh_token":"22e53902597cb9dcfb7b069f4aaeec10b5840194"}  
[2023-04-25 06:15:31] local.INFO: $userinfo: {"username":"6110110391","first_name":"WORRAMAIT","last_name":"KOSITPAIBOON","staff_id":"6110110391","email":"mingmaomak@gmail.com","campus_id":"01","fac_id":"06","dept_id":"034","pos_id":"06","access_token":"88e48cf0e2d21b266229408bf06ca965d14650ec","expires_in":1800,"token_type":"Bearer","scope":"userinfo","refresh_token":"bbb60862b97460a6fc02dcc022c1adacc07ae1fb"}  
[2023-04-25 06:20:36] local.INFO: $userinfo: {"username":"6110110391","first_name":"WORRAMAIT","last_name":"KOSITPAIBOON","staff_id":"6110110391","email":"mingmaomak@gmail.com","campus_id":"01","fac_id":"06","dept_id":"034","pos_id":"06","access_token":"6b575136b42704f5b16b75ff1c200c9e8bf82e7e","expires_in":1800,"token_type":"Bearer","scope":"userinfo","refresh_token":"243209ea32a0c90c98826b90314427180ae839dd"}  
[2023-04-25 06:35:20] local.INFO: $userinfo: {"username":"6110110391","first_name":"WORRAMAIT","last_name":"KOSITPAIBOON","staff_id":"6110110391","email":"mingmaomak@gmail.com","campus_id":"01","fac_id":"06","dept_id":"034","pos_id":"06","access_token":"96467713f4888965cc21d0e011d72bbbc02fdc92","expires_in":1800,"token_type":"Bearer","scope":"userinfo","refresh_token":"ebdf23c78ed45e7e9ccd4a068c6d4f2f37dd7ec6"}  
[2023-04-25 06:40:01] local.INFO: $userinfo: {"username":"6110110391","first_name":"WORRAMAIT","last_name":"KOSITPAIBOON","staff_id":"6110110391","email":"mingmaomak@gmail.com","campus_id":"01","fac_id":"06","dept_id":"034","pos_id":"06","access_token":"84c543f63ab609328e6ffed2fced063d5f4c9822","expires_in":1800,"token_type":"Bearer","scope":"userinfo","refresh_token":"1e2895258a6b991799efc198e0a7f4eeed2bb563"}  
[2023-04-25 08:50:44] local.INFO: $userinfo: {"username":"6110110391","first_name":"WORRAMAIT","last_name":"KOSITPAIBOON","staff_id":"6110110391","email":"mingmaomak@gmail.com","campus_id":"01","fac_id":"06","dept_id":"034","pos_id":"06","access_token":"a6d11d92d69e85e8ff0ad33dcd06b039f7adf719","expires_in":1800,"token_type":"Bearer","scope":"userinfo","refresh_token":"1907422a58a168ce1d9c9ef5b2698f8f39a21c72"}  
[2023-04-25 08:54:09] local.INFO: $userinfo: {"username":"6110110391","first_name":"WORRAMAIT","last_name":"KOSITPAIBOON","staff_id":"6110110391","email":"mingmaomak@gmail.com","campus_id":"01","fac_id":"06","dept_id":"034","pos_id":"06","access_token":"bb9e0318829efc3d8861a040c6d2501f1293483b","expires_in":1800,"token_type":"Bearer","scope":"userinfo","refresh_token":"0f1ca440cb01b36cc5c13aff533f5dc0930647ca"}  
[2023-04-25 10:20:39] local.INFO: $userinfo: {"username":"6110110391","first_name":"WORRAMAIT","last_name":"KOSITPAIBOON","staff_id":"6110110391","email":"mingmaomak@gmail.com","campus_id":"01","fac_id":"06","dept_id":"034","pos_id":"06","access_token":"d5f12bc9c84a3491eb42acdc47deb57705272596","expires_in":1800,"token_type":"Bearer","scope":"userinfo","refresh_token":"0c4019eef68231588d54d8a2c3f306e58af8d003"}  
[2023-04-25 16:20:53] local.INFO: $userinfo: {"username":"6110110391","first_name":"WORRAMAIT","last_name":"KOSITPAIBOON","staff_id":"6110110391","email":"mingmaomak@gmail.com","campus_id":"01","fac_id":"06","dept_id":"034","pos_id":"06","access_token":"b3003239aad7c2aff72d7d24622e74c0ec4dfe0c","expires_in":1800,"token_type":"Bearer","scope":"userinfo","refresh_token":"7433927cc1ec36c6071744113309936f30f2fd83"}  
[2023-04-25 17:48:12] local.INFO: $userinfo: {"username":"6110110391","first_name":"WORRAMAIT","last_name":"KOSITPAIBOON","staff_id":"6110110391","email":"mingmaomak@gmail.com","campus_id":"01","fac_id":"06","dept_id":"034","pos_id":"06","access_token":"7db6fccb1e7f92209a16af1875ebef2fc15c07c1","expires_in":1800,"token_type":"Bearer","scope":"userinfo","refresh_token":"4b39529a0a68ec6888a6f24e61444205390abd00"}  
[2023-04-26 04:47:57] local.INFO: $userinfo: {"username":"6110110391","first_name":"WORRAMAIT","last_name":"KOSITPAIBOON","staff_id":"6110110391","email":"mingmaomak@gmail.com","campus_id":"01","fac_id":"06","dept_id":"034","pos_id":"06","access_token":"4ce85a3374d62772174c4f73dedf2307c40fb0bb","expires_in":1800,"token_type":"Bearer","scope":"userinfo","refresh_token":"f037a88fcc2371273cc7917c7f5e6881e79154d0"}  
[2023-04-26 13:27:14] local.INFO: rntnr  
[2023-04-26 13:36:37] local.INFO: loading phpinfo  
[2023-04-26 16:36:48] local.INFO: $userinfo: {"username":"6110110391","first_name":"WORRAMAIT","last_name":"KOSITPAIBOON","staff_id":"6110110391","email":"mingmaomak@gmail.com","campus_id":"01","fac_id":"06","dept_id":"034","pos_id":"06","access_token":"a6cc1aad6a353ebd8348d228039bd65ca1a69cbb","expires_in":1800,"token_type":"Bearer","scope":"userinfo","refresh_token":"3da61e1d65b34871ca44761b69cb102a1b84357d"}  
[2023-04-26 16:36:49] local.INFO: returning user: {"username":"6110110391","first_name":"WORRAMAIT","last_name":"KOSITPAIBOON","staff_id":"6110110391","email":"mingmaomak@gmail.com","campus_id":"01","fac_id":"06","dept_id":"034","pos_id":"06","access_token":"a6cc1aad6a353ebd8348d228039bd65ca1a69cbb","expires_in":1800,"token_type":"Bearer","scope":"userinfo","refresh_token":"3da61e1d65b34871ca44761b69cb102a1b84357d"}  
[2023-04-27 04:57:48] local.INFO: $userinfo: {"username":"6110110391","first_name":"WORRAMAIT","last_name":"KOSITPAIBOON","staff_id":"6110110391","email":"mingmaomak@gmail.com","campus_id":"01","fac_id":"06","dept_id":"034","pos_id":"06","access_token":"cb4009fba8fbb29f224ff5b8e1c4021e69f75602","expires_in":1800,"token_type":"Bearer","scope":"userinfo","refresh_token":"6f30e5dbeeaf4c156b9a45f6508d03f0a977c492"}  
[2023-04-27 04:57:49] local.INFO: returning user: {"username":"6110110391","first_name":"WORRAMAIT","last_name":"KOSITPAIBOON","staff_id":"6110110391","email":"mingmaomak@gmail.com","campus_id":"01","fac_id":"06","dept_id":"034","pos_id":"06","access_token":"cb4009fba8fbb29f224ff5b8e1c4021e69f75602","expires_in":1800,"token_type":"Bearer","scope":"userinfo","refresh_token":"6f30e5dbeeaf4c156b9a45f6508d03f0a977c492"}  
[2023-04-27 04:58:56] local.INFO: $userinfo: {"username":"6110110391","first_name":"WORRAMAIT","last_name":"KOSITPAIBOON","staff_id":"6110110391","email":"mingmaomak@gmail.com","campus_id":"01","fac_id":"06","dept_id":"034","pos_id":"06","access_token":"fb245c4e018d59b77fbb6cfa00b7acc3aa2eeb1a","expires_in":1800,"token_type":"Bearer","scope":"userinfo","refresh_token":"b1abac663d80625ccc1ee0a84539d670ceca76ad"}  
[2023-04-27 04:58:56] local.INFO: returning user: {"username":"6110110391","first_name":"WORRAMAIT","last_name":"KOSITPAIBOON","staff_id":"6110110391","email":"mingmaomak@gmail.com","campus_id":"01","fac_id":"06","dept_id":"034","pos_id":"06","access_token":"fb245c4e018d59b77fbb6cfa00b7acc3aa2eeb1a","expires_in":1800,"token_type":"Bearer","scope":"userinfo","refresh_token":"b1abac663d80625ccc1ee0a84539d670ceca76ad"}  
[2023-04-28 05:34:52] local.INFO: loading phpinfo  
[2023-04-28 05:57:52] local.INFO: loading http://localhost:8000/phpinfo  
[2023-04-28 08:38:12] local.INFO: a minute had passed  
[2023-04-28 08:39:11] local.INFO: a minute had passed  
[2023-05-01 05:44:38] local.INFO: new user      : {"username":"6110110391","first_name":"WORRAMAIT","last_name":"KOSITPAIBOON","staff_id":"6110110391","email":"mingmaomak@gmail.com","campus_id":"01","fac_id":"06","dept_id":"034","pos_id":"06","access_token":"b2131cbcf601a9953e5014b596ee571c5ad361e4","expires_in":1800,"token_type":"Bearer","scope":"userinfo","refresh_token":"9ec04fecad56a4dba720c667e63c1c22b578cf5b"}  
[2023-05-01 06:20:49] local.INFO:   
[2023-05-01 06:21:45] local.INFO: uploading 2 files  
[2023-05-01 06:22:07] local.INFO: uploading 2 files  
[2023-05-01 06:22:07] local.INFO: filtering filename: "jpg"  
[2023-05-01 06:22:08] local.INFO: filtering filename: "png"  
[2023-05-01 06:24:16] local.INFO: uploading 2 files  
[2023-05-01 06:24:16] local.INFO: filtering filename: "jpg"  
[2023-05-01 06:24:17] local.INFO:   
[2023-05-01 06:24:17] local.INFO: filtering filename: "png"  
[2023-05-01 06:24:17] local.INFO:   
[2023-05-01 06:24:17] local.INFO: FINISHED uploading 2 files  
[2023-05-01 06:25:15] local.INFO: uploading 2 files  
[2023-05-01 06:25:15] local.INFO: filtering filename: "jpg"  
[2023-05-01 06:25:15] local.INFO:   
[2023-05-01 06:25:15] local.INFO: filtering filename: "png"  
[2023-05-01 06:25:15] local.INFO:   
[2023-05-01 06:25:15] local.INFO: FINISHED uploading 2 files  
[2023-05-03 08:59:28] local.INFO: returning user: {"username":"6110110391","first_name":"WORRAMAIT","last_name":"KOSITPAIBOON","staff_id":"6110110391","email":"mingmaomak@gmail.com","campus_id":"01","fac_id":"06","dept_id":"034","pos_id":"06","access_token":"8c684addc772c0db62c9d448c02208363e0e22df","expires_in":1800,"token_type":"Bearer","scope":"userinfo","refresh_token":"a7a5e96b9d54289ed7540585f3469a64c01160d9"}  
[2023-05-03 14:42:53] local.INFO: returning user: {"username":"6110110391","first_name":"WORRAMAIT","last_name":"KOSITPAIBOON","staff_id":"6110110391","email":"mingmaomak@gmail.com","campus_id":"01","fac_id":"06","dept_id":"034","pos_id":"06","access_token":"b6d6a53ba7dfc9fd64aa9128c0c46215cd4a323a","expires_in":1800,"token_type":"Bearer","scope":"userinfo","refresh_token":"1fefa3960242aec4190c5861c8488f956e65dcbd"}  
[2023-05-04 04:20:59] local.INFO: returning user: {"username":"6110110391","first_name":"WORRAMAIT","last_name":"KOSITPAIBOON","staff_id":"6110110391","email":"mingmaomak@gmail.com","campus_id":"01","fac_id":"06","dept_id":"034","pos_id":"06","access_token":"0f105d204312312b39b6101feda2805a1705d660","expires_in":1800,"token_type":"Bearer","scope":"userinfo","refresh_token":"c92dea2f4d2a1c848617a6ca69c5e00134c5a11a"}  
[2023-05-04 06:03:42] local.INFO: returning user: {"username":"6110110391","first_name":"WORRAMAIT","last_name":"KOSITPAIBOON","staff_id":"6110110391","email":"mingmaomak@gmail.com","campus_id":"01","fac_id":"06","dept_id":"034","pos_id":"06","access_token":"099bfd2d7e7dd8722b36caad0a283ccf6b1a5d6d","expires_in":1800,"token_type":"Bearer","scope":"userinfo","refresh_token":"9a2d524d0850d3987a7e2a25982ee1b4df97ba61"}  
[2023-05-04 06:14:18] local.INFO: filtering filename: "Approve.example"  
[2023-05-04 06:14:18] local.INFO: info to be updated: {"name":"approve.example.jpg","file_path":"6110110391\/1682922127\/jaHuNUZW\/approve.example.jpg","amount":"0"}  
[2023-05-04 06:15:13] local.INFO: filtering filename: "approve.example"  
[2023-05-04 06:15:13] local.INFO: info to be updated: {"name":"approve.example.png","file_path":"6110110391\/1682922128\/l7buL6yJ\/approve.example.png","amount":"0"}  
[2023-05-04 06:18:59] local.INFO: filtering filename: "approved.example"  
[2023-05-04 06:19:00] local.INFO: info to be updated: {"name":"approved.example.png","file_path":"6110110391\/1682922128\/l7buL6yJ\/approved.example.png","amount":"0"}  
[2023-05-04 06:20:11] local.INFO: filtering filename: "denied.example"  
[2023-05-04 06:20:11] local.INFO: info to be updated: {"name":"denied.example.png","file_path":"6110110391\/1682922257\/vWOAM96B\/denied.example.png","amount":"0"}  
[2023-05-04 06:21:22] local.INFO: filtering filename: "pending.example"  
[2023-05-04 06:21:22] local.INFO: info to be updated: {"name":"pending.example.png","file_path":"6110110391\/1682922315\/Ldq4VTNZ\/pending.example.png"}  
[2023-05-04 07:47:46] local.INFO: returning user: {"username":"6110110391","first_name":"WORRAMAIT","last_name":"KOSITPAIBOON","staff_id":"6110110391","email":"mingmaomak@gmail.com","campus_id":"01","fac_id":"06","dept_id":"034","pos_id":"06","access_token":"7cf3f7103b4b17618cc08303c81e66ae75429d9b","expires_in":1800,"token_type":"Bearer","scope":"userinfo","refresh_token":"749d9b38c745b069cb7eaf5c6d0ab5dd6e9b9066"}  
[2023-05-04 10:14:17] local.INFO: returning user: {"username":"6110110391","first_name":"WORRAMAIT","last_name":"KOSITPAIBOON","staff_id":"6110110391","email":"mingmaomak@gmail.com","campus_id":"01","fac_id":"06","dept_id":"034","pos_id":"06","access_token":"c13d559ed4c6e9065299224973754a7e654a595c","expires_in":1800,"token_type":"Bearer","scope":"userinfo","refresh_token":"961de948fabc36f4e64e357553da56bd45ba29df"}  
[2023-05-04 13:25:15] local.INFO: returning user: {"username":"6110110391","first_name":"WORRAMAIT","last_name":"KOSITPAIBOON","staff_id":"6110110391","email":"mingmaomak@gmail.com","campus_id":"01","fac_id":"06","dept_id":"034","pos_id":"06","access_token":"24088951a9a71c029cda26812fd5fbf5d5f6121a","expires_in":1800,"token_type":"Bearer","scope":"userinfo","refresh_token":"8bcec3a3473865bb17929ad5505e537682ce79a1"}  
[2023-05-04 13:25:21] local.INFO: returning user: {"username":"6110110391","first_name":"WORRAMAIT","last_name":"KOSITPAIBOON","staff_id":"6110110391","email":"mingmaomak@gmail.com","campus_id":"01","fac_id":"06","dept_id":"034","pos_id":"06","access_token":"c04568fe56953b5caceb3f94f17fbf05334337a4","expires_in":1800,"token_type":"Bearer","scope":"userinfo","refresh_token":"21490572ab5d54e5df3d386fd87cec17147809bf"}  
[2023-05-04 13:28:15] local.INFO: log in via usertest : "{\"username\":\"admin91\",\"first_name\":\"WORRAMAIT\",\"last_name\":\"KOSITPAIBOON\",\"staff_id\":\"6110110391\",\"email\":\"mingmaomak@gmail.com\",\"campus_id\":\"01\",\"fac_id\":\"06\",\"dept_id\":\"034\",\"pos_id\":\"10\",\"access_token\":\"fb245c4e018d59b77fbb6cfa00b7acc3aa2eeb1a\",\"expires_in\":1800,\"token_type\":\"Bearer\",\"scope\":\"userinfo\",\"refresh_token\":\"b1abac663d80625ccc1ee0a84539d670ceca76ad\"}"  
[2023-05-04 13:47:48] local.INFO: uploading 1 files  
[2023-05-04 13:47:48] local.INFO: filtering filename: "png"  
[2023-05-04 13:47:48] local.INFO:   
[2023-05-04 13:47:48] local.INFO: FINISHED uploading 1 files  
[2023-05-04 13:50:26] local.INFO: filtering filename: "Flutter-icon-testing"  
[2023-05-04 13:50:27] local.INFO: info to be updated: {"name":"flutter-icon-testing.png","file_path":"6110110391\/1683208068\/o3QEDQOK\/flutter-icon-testing.png","amount":"69.5256"}  
[2023-05-09 16:26:14] local.INFO: {"route":"\/auth\/psu","action":"GET","loggedin":false,"comment":"","updated_at":"2023-05-09T16:26:13.000000Z","created_at":"2023-05-09T16:26:13.000000Z","id":1}  
[2023-05-09 16:28:30] local.INFO: {"route":"\/auth\/psu","action":"GET","loggedin":false,"comment":"","updated_at":"2023-05-09T16:28:29.000000Z","created_at":"2023-05-09T16:28:29.000000Z","id":2}  
[2023-05-10 04:46:09] local.INFO: {"route":"\/test\/activitylog\/un\/ma","action":"GET | t: un","loggedin":false,"comment":"ma","updated_at":"2023-05-10T04:46:09.000000Z","created_at":"2023-05-10T04:46:09.000000Z","id":1}  
[2023-05-10 04:47:26] local.INFO: {"route":"\/test\/activitylog\/un\/ma","action":"GET | t: un","loggedin":false,"comment":"ma","updated_at":"2023-05-10T04:47:26.000000Z","created_at":"2023-05-10T04:47:26.000000Z","id":2}  
[2023-05-10 16:20:15] local.INFO: {"route":"\/test\/activitylog\/un\/ma","action":"GET | t: un","loggedin":false,"comment":"ma","updated_at":"2023-05-10T16:20:15.000000Z","created_at":"2023-05-10T16:20:15.000000Z","id":3}  
[2023-05-11 04:37:22] local.INFO: new user      : {"username":"6110110391","first_name":"WORRAMAIT","last_name":"KOSITPAIBOON","staff_id":"6110110391","email":"mingmaomak@gmail.com","campus_id":"01","fac_id":"06","dept_id":"034","pos_id":"06","access_token":"653ce1b39ad39be9fc30b6337865635ee5ef6d7d","expires_in":1800,"token_type":"Bearer","scope":"userinfo","refresh_token":"02b458bdc943ccc0baf5285e8fd73ed2ef523818"}  
[2023-05-11 06:55:47] local.INFO: {"route":"\/test\/activitylog\/un\/ma","action":"GET | t: un","loggedin":false,"comment":"ma","updated_at":"2023-05-11T06:55:47.000000Z","created_at":"2023-05-11T06:55:47.000000Z","id":9}  
[2023-05-11 06:58:21] local.INFO: {"route":"\/test\/activitylog\/un\/ma","action":"GET | t: un","loggedin":false,"comment":"ma","updated_at":"2023-05-11T06:58:20.000000Z","created_at":"2023-05-11T06:58:20.000000Z","id":10}  
[2023-05-11 09:01:47] local.INFO: {"route":"\/test\/activitylog\/un\/ma","action":"GET | t: un","loggedin":false,"comment":"ma","updated_at":"2023-05-11T09:01:46.000000Z","created_at":"2023-05-11T09:01:46.000000Z","id":11}  
[2023-05-12 08:53:38] local.INFO: log in via usertest : "{\"username\":\"admin91\",\"first_name\":\"WORRAMAIT\",\"last_name\":\"KOSITPAIBOON\",\"staff_id\":\"6110110391\",\"email\":\"mingmaomak@gmail.com\",\"campus_id\":\"01\",\"fac_id\":\"06\",\"dept_id\":\"034\",\"pos_id\":\"10\",\"access_token\":\"fb245c4e018d59b77fbb6cfa00b7acc3aa2eeb1a\",\"expires_in\":1800,\"token_type\":\"Bearer\",\"scope\":\"userinfo\",\"refresh_token\":\"b1abac663d80625ccc1ee0a84539d670ceca76ad\"}"  
[2023-05-12 08:54:10] local.INFO: log in via usertest : "{\"username\":\"admin91\",\"first_name\":\"WORRAMAIT\",\"last_name\":\"KOSITPAIBOON\",\"staff_id\":\"6110110391\",\"email\":\"mingmaomak@gmail.com\",\"campus_id\":\"01\",\"fac_id\":\"06\",\"dept_id\":\"034\",\"pos_id\":\"10\",\"access_token\":\"fb245c4e018d59b77fbb6cfa00b7acc3aa2eeb1a\",\"expires_in\":1800,\"token_type\":\"Bearer\",\"scope\":\"userinfo\",\"refresh_token\":\"b1abac663d80625ccc1ee0a84539d670ceca76ad\"}"  
[2023-05-12 09:26:00] local.INFO: log in via usertest : "{\"username\":\"admin91\",\"first_name\":\"WORRAMAIT\",\"last_name\":\"KOSITPAIBOON\",\"staff_id\":\"6110110391\",\"email\":\"mingmaomak@gmail.com\",\"campus_id\":\"01\",\"fac_id\":\"06\",\"dept_id\":\"034\",\"pos_id\":\"10\",\"access_token\":\"fb245c4e018d59b77fbb6cfa00b7acc3aa2eeb1a\",\"expires_in\":1800,\"token_type\":\"Bearer\",\"scope\":\"userinfo\",\"refresh_token\":\"b1abac663d80625ccc1ee0a84539d670ceca76ad\"}"  
